#
# There is insufficient memory for the Java Runtime Environment to continue.
# Native memory allocation (mmap) failed to map 536870912 bytes for G1 virtual space
# Possible reasons:
#   The system is out of physical RAM or swap space
#   The process is running with CompressedOops enabled, and the Java Heap may be blocking the growth of the native heap
# Possible solutions:
#   Reduce memory load on the system
#   Increase physical memory or swap space
#   Check if swap backing store is full
#   Decrease Java heap size (-Xmx/-Xms)
#   Decrease number of Java threads
#   Decrease Java thread stack sizes (-Xss)
#   Set larger code cache with -XX:ReservedCodeCacheSize=
#   JVM is running with Zero Based Compressed Oops mode in which the Java heap is
#     placed in the first 32GB address space. The Java Heap base address is the
#     maximum limit for the native heap growth. Please use -XX:HeapBaseMinAddress
#     to set the Java Heap base and to place the Java Heap above 32GB virtual address.
# This output file may be truncated or incomplete.
#
#  Out of Memory Error (os_windows.cpp:3825), pid=28844, tid=33980
#
# JRE version:  (17.0.9+7) (build )
# Java VM: OpenJDK 64-Bit Server VM (17.0.9+7-b1000.46, mixed mode, sharing, tiered, compressed oops, compressed class ptrs, g1 gc, windows-amd64)
# No core dump will be written. Minidumps are not enabled by default on client versions of Windows
#

---------------  S U M M A R Y ------------

Command Line: git4idea.http.GitAskPassApp Username for 'https://github.com': 

Host: Intel(R) Core(TM) i7-8700 CPU @ 3.20GHz, 12 cores, 31G,  Windows 11 , 64 bit Build 22621 (10.0.22621.2506)
Time: Tue Nov 21 22:51:51 2023 Türkiye Standart Saati elapsed time: 0.023114 seconds (0d 0h 0m 0s)

---------------  T H R E A D  ---------------

Current thread (0x000001d469d0eaf0):  JavaThread "Unknown thread" [_thread_in_vm, id=33980, stack(0x000000545d700000,0x000000545d800000)]

Stack: [0x000000545d700000,0x000000545d800000]
Native frames: (J=compiled Java code, j=interpreted, Vv=VM code, C=native code)
V  [jvm.dll+0x6886e9]
V  [jvm.dll+0x841e4a]
V  [jvm.dll+0x843a8e]
V  [jvm.dll+0x8440f3]
V  [jvm.dll+0x24c14f]
V  [jvm.dll+0x685499]
V  [jvm.dll+0x679c2a]
V  [jvm.dll+0x30cf9b]
V  [jvm.dll+0x314446]
V  [jvm.dll+0x36425e]
V  [jvm.dll+0x36448f]
V  [jvm.dll+0x2e2d68]
V  [jvm.dll+0x2e3cd4]
V  [jvm.dll+0x8129f1]
V  [jvm.dll+0x3720c1]
V  [jvm.dll+0x7f152c]
V  [jvm.dll+0x3f5d4f]
V  [jvm.dll+0x3f7981]
C  [jli.dll+0x528f]
C  [ucrtbase.dll+0x29363]
C  [KERNEL32.DLL+0x1257d]
C  [ntdll.dll+0x5aa58]


---------------  P R O C E S S  ---------------

Threads class SMR info:
_java_thread_list=0x00007ffe1df1ef18, length=0, elements={
}

Java Threads: ( => current thread )

Other Threads:
  0x000001d46bf944a0 GCTaskThread "GC Thread#0" [stack: 0x000000545d800000,0x000000545d900000] [id=38420]
  0x000001d47fbb8060 ConcurrentGCThread "G1 Main Marker" [stack: 0x000000545d900000,0x000000545da00000] [id=35036]
  0x000001d47fbb8a80 ConcurrentGCThread "G1 Conc#0" [stack: 0x000000545da00000,0x000000545db00000] [id=26356]

[error occurred during error reporting (printing all threads), id 0xc0000005, EXCEPTION_ACCESS_VIOLATION (0xc0000005) at pc=0x00007ffe1d6d3937]

VM state: not at safepoint (not fully initialized)

VM Mutex/Monitor currently owned by a thread:  ([mutex/lock_event])
[0x000001d46bee18d0] Heap_lock - owner thread: 0x000001d469d0eaf0

Heap address: 0x0000000600c00000, size: 8180 MB, Compressed Oops mode: Zero based, Oop shift amount: 3

CDS archive(s) mapped at: [0x0000000000000000-0x0000000000000000-0x0000000000000000), size 0, SharedBaseAddress: 0x0000000800000000, ArchiveRelocationMode: 1.
Narrow klass base: 0x0000000000000000, Narrow klass shift: 0, Narrow klass range: 0x0

GC Precious Log:
<Empty>

Heap:
 garbage-first heap   total 0K, used 0K [0x0000000600c00000, 0x0000000800000000)
  region size 4096K, 0 young (0K), 0 survivors (0K)
 Metaspace       used 0K, committed 0K, reserved 0K
  class space    used 0K, committed 0K, reserved 0K

Heap Regions: E=young(eden), S=young(survivor), O=old, HS=humongous(starts), HC=humongous(continues), CS=collection set, F=free, OA=open archive, CA=closed archive, TAMS=top-at-mark-start (previous, next)

Card table byte_map: [0x000001d400000000,0x000001d401000000] _byte_map_base: 0x000001d3fcffa000

Marking Bits (Prev, Next): (CMBitMap*) 0x000001d46bf94ac0, (CMBitMap*) 0x000001d46bf94b00
 Prev Bits: [0x000001d402000000, 0x000001d409fd0000)
 Next Bits: [0x000001d409fd0000, 0x000001d411fa0000)

GC Heap History (0 events):
No events

Dll operation events (1 events):
Event: 0.007 Loaded shared library C:\Program Files\JetBrains\IntelliJ IDEA 2023.2.2\jbr\bin\java.dll

Deoptimization events (0 events):
No events

Classes unloaded (0 events):
No events

Classes redefined (0 events):
No events

Internal exceptions (0 events):
No events

VM Operations (0 events):
No events

Events (0 events):
No events


Dynamic libraries:
0x00007ff6c69d0000 - 0x00007ff6c69da000 	C:\Program Files\JetBrains\IntelliJ IDEA 2023.2.2\jbr\bin\java.exe
0x00007ffeeb590000 - 0x00007ffeeb7a7000 	C:\Windows\SYSTEM32\ntdll.dll
0x00007ffeea580000 - 0x00007ffeea644000 	C:\Windows\System32\KERNEL32.DLL
0x00007ffee89a0000 - 0x00007ffee8d45000 	C:\Windows\System32\KERNELBASE.dll
0x00007ffee9050000 - 0x00007ffee9161000 	C:\Windows\System32\ucrtbase.dll
0x00007ffedc9b0000 - 0x00007ffedc9c7000 	C:\Program Files\JetBrains\IntelliJ IDEA 2023.2.2\jbr\bin\jli.dll
0x00007ffedc050000 - 0x00007ffedc06b000 	C:\Program Files\JetBrains\IntelliJ IDEA 2023.2.2\jbr\bin\VCRUNTIME140.dll
0x00007ffeeaa40000 - 0x00007ffeeabee000 	C:\Windows\System32\USER32.dll
0x00007ffec8120000 - 0x00007ffec83b3000 	C:\Windows\WinSxS\amd64_microsoft.windows.common-controls_6595b64144ccf1df_6.0.22621.2506_none_270c5ae97388e100\COMCTL32.dll
0x00007ffee88d0000 - 0x00007ffee88f6000 	C:\Windows\System32\win32u.dll
0x00007ffeea670000 - 0x00007ffeea717000 	C:\Windows\System32\msvcrt.dll
0x00007ffee92e0000 - 0x00007ffee9309000 	C:\Windows\System32\GDI32.dll
0x00007ffee8d50000 - 0x00007ffee8e69000 	C:\Windows\System32\gdi32full.dll
0x00007ffee8900000 - 0x00007ffee899a000 	C:\Windows\System32\msvcp_win.dll
0x00007ffee99e0000 - 0x00007ffee9a11000 	C:\Windows\System32\IMM32.DLL
0x00007ffee5bc0000 - 0x00007ffee5bcc000 	C:\Program Files\JetBrains\IntelliJ IDEA 2023.2.2\jbr\bin\vcruntime140_1.dll
0x00007ffe3d8a0000 - 0x00007ffe3d92d000 	C:\Program Files\JetBrains\IntelliJ IDEA 2023.2.2\jbr\bin\msvcp140.dll
0x00007ffe1d3e0000 - 0x00007ffe1e063000 	C:\Program Files\JetBrains\IntelliJ IDEA 2023.2.2\jbr\bin\server\jvm.dll
0x00007ffeea730000 - 0x00007ffeea7e1000 	C:\Windows\System32\ADVAPI32.dll
0x00007ffeea4d0000 - 0x00007ffeea576000 	C:\Windows\System32\sechost.dll
0x00007ffeeace0000 - 0x00007ffeeadf7000 	C:\Windows\System32\RPCRT4.dll
0x00007ffeca8e0000 - 0x00007ffeca8e9000 	C:\Windows\SYSTEM32\WSOCK32.dll
0x00007ffee24c0000 - 0x00007ffee24f4000 	C:\Windows\SYSTEM32\WINMM.dll
0x00007ffee7710000 - 0x00007ffee775d000 	C:\Windows\SYSTEM32\POWRPROF.dll
0x00007ffee0290000 - 0x00007ffee029a000 	C:\Windows\SYSTEM32\VERSION.dll
0x00007ffee9960000 - 0x00007ffee99d1000 	C:\Windows\System32\WS2_32.dll
0x00007ffee76c0000 - 0x00007ffee76d3000 	C:\Windows\SYSTEM32\UMPDC.dll
0x00007ffee7920000 - 0x00007ffee7938000 	C:\Windows\SYSTEM32\kernel.appcore.dll
0x00007ffee3e50000 - 0x00007ffee3e5a000 	C:\Program Files\JetBrains\IntelliJ IDEA 2023.2.2\jbr\bin\jimage.dll
0x00007ffedeff0000 - 0x00007ffedf223000 	C:\Windows\SYSTEM32\DBGHELP.DLL
0x00007ffee9310000 - 0x00007ffee9699000 	C:\Windows\System32\combase.dll
0x00007ffeea2a0000 - 0x00007ffeea377000 	C:\Windows\System32\OLEAUT32.dll
0x00007ffedefa0000 - 0x00007ffedefd2000 	C:\Windows\SYSTEM32\dbgcore.DLL
0x00007ffee9230000 - 0x00007ffee92aa000 	C:\Windows\System32\bcryptPrimitives.dll
0x00007ffee25d0000 - 0x00007ffee25f5000 	C:\Program Files\JetBrains\IntelliJ IDEA 2023.2.2\jbr\bin\java.dll

dbghelp: loaded successfully - version: 4.0.5 - missing functions: none
symbol engine: initialized successfully - sym options: 0x614 - pdb path: .;C:\Program Files\JetBrains\IntelliJ IDEA 2023.2.2\jbr\bin;C:\Windows\SYSTEM32;C:\Windows\WinSxS\amd64_microsoft.windows.common-controls_6595b64144ccf1df_6.0.22621.2506_none_270c5ae97388e100;C:\Program Files\JetBrains\IntelliJ IDEA 2023.2.2\jbr\bin\server

VM Arguments:
java_command: git4idea.http.GitAskPassApp Username for 'https://github.com': 
java_class_path (initial): C:/Program Files/JetBrains/IntelliJ IDEA 2023.2.2/plugins/vcs-git/lib/git4idea-rt.jar;C:/Program Files/JetBrains/IntelliJ IDEA 2023.2.2/lib/externalProcess-rt.jar
Launcher Type: SUN_STANDARD

[Global flags]
     intx CICompilerCount                          = 4                                         {product} {ergonomic}
     uint ConcGCThreads                            = 3                                         {product} {ergonomic}
     uint G1ConcRefinementThreads                  = 10                                        {product} {ergonomic}
   size_t G1HeapRegionSize                         = 4194304                                   {product} {ergonomic}
    uintx GCDrainStackTargetSize                   = 64                                        {product} {ergonomic}
   size_t InitialHeapSize                          = 536870912                                 {product} {ergonomic}
   size_t MarkStackSize                            = 4194304                                   {product} {ergonomic}
   size_t MaxHeapSize                              = 8577351680                                {product} {ergonomic}
   size_t MinHeapDeltaBytes                        = 4194304                                   {product} {ergonomic}
   size_t MinHeapSize                              = 8388608                                   {product} {ergonomic}
    uintx NonNMethodCodeHeapSize                   = 5839372                                {pd product} {ergonomic}
    uintx NonProfiledCodeHeapSize                  = 122909434                              {pd product} {ergonomic}
    uintx ProfiledCodeHeapSize                     = 122909434                              {pd product} {ergonomic}
    uintx ReservedCodeCacheSize                    = 251658240                              {pd product} {ergonomic}
     bool SegmentedCodeCache                       = true                                      {product} {ergonomic}
   size_t SoftMaxHeapSize                          = 8577351680                             {manageable} {ergonomic}
     bool UseCompressedClassPointers               = true                           {product lp64_product} {ergonomic}
     bool UseCompressedOops                        = true                           {product lp64_product} {ergonomic}
     bool UseG1GC                                  = true                                      {product} {ergonomic}
     bool UseLargePagesIndividualAllocation        = false                                  {pd product} {ergonomic}

Logging:
Log output configuration:
 #0: stdout all=warning uptime,level,tags
 #1: stderr all=off uptime,level,tags

Environment Variables:
PATH=C:\Program Files\Git\mingw64\libexec\git-core;C:\Program Files\Git\mingw64\libexec\git-core;C:\Program Files\Git\mingw64\bin;C:\Program Files\Git\usr\bin;C:\Users\minec\bin;C:\Program Files\Common Files\Oracle\Java\javapath;C:\Program Files (x86)\Common Files\Oracle\Java\javapath;C:\Program Files (x86)\Razer Chroma SDK\bin;C:\Program Files\Razer Chroma SDK\bin;C:\Program Files (x86)\Razer\ChromaBroadcast\bin;C:\Program Files\Razer\ChromaBroadcast\bin;C:\Windows\system32;C:\Windows;C:\Windows\System32\Wbem;C:\Windows\System32\WindowsPowerShell\v1.0;C:\Windows\System32\OpenSSH;C:\Program Files\NVIDIA Corporation\NVIDIA NvDLISR;C:\Program Files (x86)\NVIDIA Corporation\PhysX\Common;C:\Users\minec\AppData\Local\Microsoft\WindowsApps;C:\Windows\system32\config\systemprofile\AppData\Local\Microsoft\WindowsApps;C:\Program Files\Git\cmd;C:\Program Files\dotnet;C:\Program Files\PostgreSQL\16\bin;C:\Program Files\Docker\Docker\resources\bin;C:\Users\minec\AppData\Local\Programs\Python\Launcher;C:\Users\minec\AppData\Local\Microsoft\WindowsApps;C:\Users\minec\AppData\Local\Programs\Microsoft VS Code\bin;C:\Users\minec\AppData\Local\GitHubDesktop\bin
USERNAME=minec
DISPLAY=:0.0
LC_ALL=en_US.UTF-8
TERM=xterm-256color
TMPDIR=C:\Users\minec\AppData\Local\Temp
OS=Windows_NT
PROCESSOR_IDENTIFIER=Intel64 Family 6 Model 158 Stepping 10, GenuineIntel
TMP=C:\Users\minec\AppData\Local\Temp
TEMP=C:\Users\minec\AppData\Local\Temp



Periodic native trim disabled

JNI global refs:
JNI global refs: 0, weak refs: 0

JNI global refs memory usage: 0, weak refs: 0

OOME stack traces (most recent first):
Classloader memory used:


---------------  S Y S T E M  ---------------

OS:
 Windows 11 , 64 bit Build 22621 (10.0.22621.2506)
OS uptime: 1 days 1:21 hours
Hyper-V role detected

CPU: total 12 (initial active 12) (6 cores per cpu, 2 threads per core) family 6 model 158 stepping 10 microcode 0xf0, cx8, cmov, fxsr, ht, mmx, 3dnowpref, sse, sse2, sse3, ssse3, sse4.1, sse4.2, popcnt, lzcnt, tsc, tscinvbit, avx, avx2, aes, erms, clmul, bmi1, bmi2, rtm, adx, fma, vzeroupper, clflush, clflushopt, hv
Processor Information for all 12 processors :
  Max Mhz: 3192, Current Mhz: 3192, Mhz Limit: 3192

Memory: 4k page, system-wide physical 32705M (9911M free)
TotalPageFile size 36801M (AvailPageFile size 338M)
current process WorkingSet (physical memory assigned to process): 12M, peak: 12M
current process commit charge ("private bytes"): 64M, peak: 576M

vm_info: OpenJDK 64-Bit Server VM (17.0.9+7-b1000.46) for windows-amd64 JRE (17.0.9+7-b1000.46), built on 2023-10-27 by "builduser" with MS VC++ 16.10 / 16.11 (VS2019)

END.
